This is pdfTeX, Version 3.14159265-2.6-1.40.15 (TeX Live 2014) (preloaded format=pdflatex 2014.5.25)  23 FEB 2015 17:03
entering extended mode
 restricted \write18 enabled.
 file:line:error style messages enabled.
 %&-line parsing enabled.
**set4.tex
(./set4.tex
LaTeX2e <2014/05/01>
Babel <3.9k> and hyphenation patterns for 78 languages loaded.
(/usr/local/texlive/2014/texmf-dist/tex/latex/standalone/standalone.cls
Document Class: standalone 2012/09/15 v1.1b Class to compile TeX sub-files standalone
(/usr/local/texlive/2014/texmf-dist/tex/generic/oberdiek/ifluatex.sty
Package: ifluatex 2010/03/01 v1.3 Provides the ifluatex switch (HO)
Package ifluatex Info: LuaTeX not detected.
) (/usr/local/texlive/2014/texmf-dist/tex/generic/oberdiek/ifpdf.sty
Package: ifpdf 2011/01/30 v2.3 Provides the ifpdf switch (HO)
Package ifpdf Info: pdfTeX in PDF mode is detected.
) (/usr/local/texlive/2014/texmf-dist/tex/generic/ifxetex/ifxetex.sty
Package: ifxetex 2010/09/12 v0.6 Provides ifxetex conditional
) (/usr/local/texlive/2014/texmf-dist/tex/latex/xkeyval/xkeyval.sty
Package: xkeyval 2014/05/09 v2.6d package option processing (HA)
 (/usr/local/texlive/2014/texmf-dist/tex/generic/xkeyval/xkeyval.tex
\XKV@toks=\toks14
\XKV@tempa@toks=\toks15
\XKV@depth=\count79
File: xkeyval.tex 2014/05/09 v2.6d key=value parser (HA)
 (/usr/local/texlive/2014/texmf-dist/tex/generic/xkeyval/keyval.tex)))
\sa@internal=\count80
 (/usr/local/texlive/2014/texmf-dist/tex/latex/standalone/standalone.cfg
File: standalone.cfg 2012/09/15 v1.1b Default configuration file for 'standalone' class
) (/usr/local/texlive/2014/texmf-dist/tex/latex/base/article.cls
Document Class: article 2007/10/19 v1.4h Standard LaTeX document class
(/usr/local/texlive/2014/texmf-dist/tex/latex/base/size11.clo
File: size11.clo 2007/10/19 v1.4h Standard LaTeX file (size option)
)
\c@part=\count81
\c@section=\count82
\c@subsection=\count83
\c@subsubsection=\count84
\c@paragraph=\count85
\c@subparagraph=\count86
\c@figure=\count87
\c@table=\count88
\abovecaptionskip=\skip41
\belowcaptionskip=\skip42
\bibindent=\dimen102
) (/usr/local/texlive/2014/texmf-dist/tex/latex/preview/preview.sty
Package: preview 2010/02/14 11.86 (AUCTeX/preview-latex)
 (/usr/local/texlive/2014/texmf-dist/tex/latex/preview/prtightpage.def
\PreviewBorder=\dimen103
)
\pr@snippet=\count89
\pr@box=\box26
\pr@output=\toks16
)) (/usr/local/texlive/2014/texmf-dist/tex/latex/base/inputenc.sty
Package: inputenc 2014/04/30 v1.2b Input encoding file
\inpenc@prehook=\toks17
\inpenc@posthook=\toks18
 (/usr/local/texlive/2014/texmf-dist/tex/latex/base/utf8.def
File: utf8.def 2008/04/05 v1.1m UTF-8 support for inputenc
Now handling font encoding OML ...
... no UTF-8 mapping file for font encoding OML
Now handling font encoding T1 ...
... processing UTF-8 mapping file for font encoding T1
 (/usr/local/texlive/2014/texmf-dist/tex/latex/base/t1enc.dfu
File: t1enc.dfu 2008/04/05 v1.1m UTF-8 support for inputenc
   defining Unicode char U+00A1 (decimal 161)
   defining Unicode char U+00A3 (decimal 163)
   defining Unicode char U+00AB (decimal 171)
   defining Unicode char U+00BB (decimal 187)
   defining Unicode char U+00BF (decimal 191)
   defining Unicode char U+00C0 (decimal 192)
   defining Unicode char U+00C1 (decimal 193)
   defining Unicode char U+00C2 (decimal 194)
   defining Unicode char U+00C3 (decimal 195)
   defining Unicode char U+00C4 (decimal 196)
   defining Unicode char U+00C5 (decimal 197)
   defining Unicode char U+00C6 (decimal 198)
   defining Unicode char U+00C7 (decimal 199)
   defining Unicode char U+00C8 (decimal 200)
   defining Unicode char U+00C9 (decimal 201)
   defining Unicode char U+00CA (decimal 202)
   defining Unicode char U+00CB (decimal 203)
   defining Unicode char U+00CC (decimal 204)
   defining Unicode char U+00CD (decimal 205)
   defining Unicode char U+00CE (decimal 206)
   defining Unicode char U+00CF (decimal 207)
   defining Unicode char U+00D0 (decimal 208)
   defining Unicode char U+00D1 (decimal 209)
   defining Unicode char U+00D2 (decimal 210)
   defining Unicode char U+00D3 (decimal 211)
   defining Unicode char U+00D4 (decimal 212)
   defining Unicode char U+00D5 (decimal 213)
   defining Unicode char U+00D6 (decimal 214)
   defining Unicode char U+00D8 (decimal 216)
   defining Unicode char U+00D9 (decimal 217)
   defining Unicode char U+00DA (decimal 218)
   defining Unicode char U+00DB (decimal 219)
   defining Unicode char U+00DC (decimal 220)
   defining Unicode char U+00DD (decimal 221)
   defining Unicode char U+00DE (decimal 222)
   defining Unicode char U+00DF (decimal 223)
   defining Unicode char U+00E0 (decimal 224)
   defining Unicode char U+00E1 (decimal 225)
   defining Unicode char U+00E2 (decimal 226)
   defining Unicode char U+00E3 (decimal 227)
   defining Unicode char U+00E4 (decimal 228)
   defining Unicode char U+00E5 (decimal 229)
   defining Unicode char U+00E6 (decimal 230)
   defining Unicode char U+00E7 (decimal 231)
   defining Unicode char U+00E8 (decimal 232)
   defining Unicode char U+00E9 (decimal 233)
   defining Unicode char U+00EA (decimal 234)
   defining Unicode char U+00EB (decimal 235)
   defining Unicode char U+00EC (decimal 236)
   defining Unicode char U+00ED (decimal 237)
   defining Unicode char U+00EE (decimal 238)
   defining Unicode char U+00EF (decimal 239)
   defining Unicode char U+00F0 (decimal 240)
   defining Unicode char U+00F1 (decimal 241)
   defining Unicode char U+00F2 (decimal 242)
   defining Unicode char U+00F3 (decimal 243)
   defining Unicode char U+00F4 (decimal 244)
   defining Unicode char U+00F5 (decimal 245)
   defining Unicode char U+00F6 (decimal 246)
   defining Unicode char U+00F8 (decimal 248)
   defining Unicode char U+00F9 (decimal 249)
   defining Unicode char U+00FA (decimal 250)
   defining Unicode char U+00FB (decimal 251)
   defining Unicode char U+00FC (decimal 252)
   defining Unicode char U+00FD (decimal 253)
   defining Unicode char U+00FE (decimal 254)
   defining Unicode char U+00FF (decimal 255)
   defining Unicode char U+0102 (decimal 258)
   defining Unicode char U+0103 (decimal 259)
   defining Unicode char U+0104 (decimal 260)
   defining Unicode char U+0105 (decimal 261)
   defining Unicode char U+0106 (decimal 262)
   defining Unicode char U+0107 (decimal 263)
   defining Unicode char U+010C (decimal 268)
   defining Unicode char U+010D (decimal 269)
   defining Unicode char U+010E (decimal 270)
   defining Unicode char U+010F (decimal 271)
   defining Unicode char U+0110 (decimal 272)
   defining Unicode char U+0111 (decimal 273)
   defining Unicode char U+0118 (decimal 280)
   defining Unicode char U+0119 (decimal 281)
   defining Unicode char U+011A (decimal 282)
   defining Unicode char U+011B (decimal 283)
   defining Unicode char U+011E (decimal 286)
   defining Unicode char U+011F (decimal 287)
   defining Unicode char U+0130 (decimal 304)
   defining Unicode char U+0131 (decimal 305)
   defining Unicode char U+0132 (decimal 306)
   defining Unicode char U+0133 (decimal 307)
   defining Unicode char U+0139 (decimal 313)
   defining Unicode char U+013A (decimal 314)
   defining Unicode char U+013D (decimal 317)
   defining Unicode char U+013E (decimal 318)
   defining Unicode char U+0141 (decimal 321)
   defining Unicode char U+0142 (decimal 322)
   defining Unicode char U+0143 (decimal 323)
   defining Unicode char U+0144 (decimal 324)
   defining Unicode char U+0147 (decimal 327)
   defining Unicode char U+0148 (decimal 328)
   defining Unicode char U+014A (decimal 330)
   defining Unicode char U+014B (decimal 331)
   defining Unicode char U+0150 (decimal 336)
   defining Unicode char U+0151 (decimal 337)
   defining Unicode char U+0152 (decimal 338)
   defining Unicode char U+0153 (decimal 339)
   defining Unicode char U+0154 (decimal 340)
   defining Unicode char U+0155 (decimal 341)
   defining Unicode char U+0158 (decimal 344)
   defining Unicode char U+0159 (decimal 345)
   defining Unicode char U+015A (decimal 346)
   defining Unicode char U+015B (decimal 347)
   defining Unicode char U+015E (decimal 350)
   defining Unicode char U+015F (decimal 351)
   defining Unicode char U+0160 (decimal 352)
   defining Unicode char U+0161 (decimal 353)
   defining Unicode char U+0162 (decimal 354)
   defining Unicode char U+0163 (decimal 355)
   defining Unicode char U+0164 (decimal 356)
   defining Unicode char U+0165 (decimal 357)
   defining Unicode char U+016E (decimal 366)
   defining Unicode char U+016F (decimal 367)
   defining Unicode char U+0170 (decimal 368)
   defining Unicode char U+0171 (decimal 369)
   defining Unicode char U+0178 (decimal 376)
   defining Unicode char U+0179 (decimal 377)
   defining Unicode char U+017A (decimal 378)
   defining Unicode char U+017B (decimal 379)
   defining Unicode char U+017C (decimal 380)
   defining Unicode char U+017D (decimal 381)
   defining Unicode char U+017E (decimal 382)
   defining Unicode char U+200C (decimal 8204)
   defining Unicode char U+2013 (decimal 8211)
   defining Unicode char U+2014 (decimal 8212)
   defining Unicode char U+2018 (decimal 8216)
   defining Unicode char U+2019 (decimal 8217)
   defining Unicode char U+201A (decimal 8218)
   defining Unicode char U+201C (decimal 8220)
   defining Unicode char U+201D (decimal 8221)
   defining Unicode char U+201E (decimal 8222)
   defining Unicode char U+2030 (decimal 8240)
   defining Unicode char U+2031 (decimal 8241)
   defining Unicode char U+2039 (decimal 8249)
   defining Unicode char U+203A (decimal 8250)
   defining Unicode char U+2423 (decimal 9251)
)
Now handling font encoding OT1 ...
... processing UTF-8 mapping file for font encoding OT1
 (/usr/local/texlive/2014/texmf-dist/tex/latex/base/ot1enc.dfu
File: ot1enc.dfu 2008/04/05 v1.1m UTF-8 support for inputenc
   defining Unicode char U+00A1 (decimal 161)
   defining Unicode char U+00A3 (decimal 163)
   defining Unicode char U+00B8 (decimal 184)
   defining Unicode char U+00BF (decimal 191)
   defining Unicode char U+00C5 (decimal 197)
   defining Unicode char U+00C6 (decimal 198)
   defining Unicode char U+00D8 (decimal 216)
   defining Unicode char U+00DF (decimal 223)
   defining Unicode char U+00E6 (decimal 230)
   defining Unicode char U+00EC (decimal 236)
   defining Unicode char U+00ED (decimal 237)
   defining Unicode char U+00EE (decimal 238)
   defining Unicode char U+00EF (decimal 239)
   defining Unicode char U+00F8 (decimal 248)
   defining Unicode char U+0131 (decimal 305)
   defining Unicode char U+0141 (decimal 321)
   defining Unicode char U+0142 (decimal 322)
   defining Unicode char U+0152 (decimal 338)
   defining Unicode char U+0153 (decimal 339)
   defining Unicode char U+2013 (decimal 8211)
   defining Unicode char U+2014 (decimal 8212)
   defining Unicode char U+2018 (decimal 8216)
   defining Unicode char U+2019 (decimal 8217)
   defining Unicode char U+201C (decimal 8220)
   defining Unicode char U+201D (decimal 8221)
)
Now handling font encoding OMS ...
... processing UTF-8 mapping file for font encoding OMS
 (/usr/local/texlive/2014/texmf-dist/tex/latex/base/omsenc.dfu
File: omsenc.dfu 2008/04/05 v1.1m UTF-8 support for inputenc
   defining Unicode char U+00A7 (decimal 167)
   defining Unicode char U+00B6 (decimal 182)
   defining Unicode char U+00B7 (decimal 183)
   defining Unicode char U+2020 (decimal 8224)
   defining Unicode char U+2021 (decimal 8225)
   defining Unicode char U+2022 (decimal 8226)
)
Now handling font encoding OMX ...
... no UTF-8 mapping file for font encoding OMX
Now handling font encoding U ...
... no UTF-8 mapping file for font encoding U
   defining Unicode char U+00A9 (decimal 169)
   defining Unicode char U+00AA (decimal 170)
   defining Unicode char U+00AE (decimal 174)
   defining Unicode char U+00BA (decimal 186)
   defining Unicode char U+02C6 (decimal 710)
   defining Unicode char U+02DC (decimal 732)
   defining Unicode char U+200C (decimal 8204)
   defining Unicode char U+2026 (decimal 8230)
   defining Unicode char U+2122 (decimal 8482)
   defining Unicode char U+2423 (decimal 9251)
)) (../../markup.sty (/usr/local/texlive/2014/texmf-dist/tex/latex/oberdiek/zref-abspos.sty
Package: zref-abspos 2012/04/04 v2.24 Module abspos for zref (HO)
 (/usr/local/texlive/2014/texmf-dist/tex/latex/oberdiek/zref-base.sty
Package: zref-base 2012/04/04 v2.24 Module base for zref (HO)
 (/usr/local/texlive/2014/texmf-dist/tex/generic/oberdiek/ltxcmds.sty
Package: ltxcmds 2011/11/09 v1.22 LaTeX kernel commands for general use (HO)
) (/usr/local/texlive/2014/texmf-dist/tex/generic/oberdiek/infwarerr.sty
Package: infwarerr 2010/04/08 v1.3 Providing info/warning/error messages (HO)
) (/usr/local/texlive/2014/texmf-dist/tex/generic/oberdiek/kvsetkeys.sty
Package: kvsetkeys 2012/04/25 v1.16 Key value parser (HO)
 (/usr/local/texlive/2014/texmf-dist/tex/generic/oberdiek/etexcmds.sty
Package: etexcmds 2011/02/16 v1.5 Avoid name clashes with e-TeX commands (HO)
Package etexcmds Info: Could not find \expanded.
(etexcmds)             That can mean that you are not using pdfTeX 1.50 or
(etexcmds)             that some package has redefined \expanded.
(etexcmds)             In the latter case, load this package earlier.
)) (/usr/local/texlive/2014/texmf-dist/tex/generic/oberdiek/kvdefinekeys.sty
Package: kvdefinekeys 2011/04/07 v1.3 Define keys (HO)
) (/usr/local/texlive/2014/texmf-dist/tex/generic/oberdiek/pdftexcmds.sty
Package: pdftexcmds 2011/11/29 v0.20 Utility functions of pdfTeX for LuaTeX (HO)
Package pdftexcmds Info: LuaTeX not detected.
Package pdftexcmds Info: \pdf@primitive is available.
Package pdftexcmds Info: \pdf@ifprimitive is available.
Package pdftexcmds Info: \pdfdraftmode found.
) (/usr/local/texlive/2014/texmf-dist/tex/latex/oberdiek/auxhook.sty
Package: auxhook 2011/03/04 v1.3 Hooks for auxiliary files (HO)
)
Package zref Info: New property list: main on input line 759.
Package zref Info: New property: default on input line 760.
Package zref Info: New property: page on input line 761.
) (/usr/local/texlive/2014/texmf-dist/tex/latex/oberdiek/zref-savepos.sty
Package: zref-savepos 2012/04/04 v2.24 Module savepos for zref (HO)
Package zref Info: New property list: savepos on input line 75.
Package zref Info: New property: posx on input line 76.
Package zref Info: New property: posy on input line 77.
) (/usr/local/texlive/2014/texmf-dist/tex/latex/oberdiek/zref-pagelayout.sty
Package: zref-pagelayout 2012/04/04 v2.24 Module pagelayout for zref (HO)
 (/usr/local/texlive/2014/texmf-dist/tex/latex/oberdiek/zref-thepage.sty
Package: zref-thepage 2012/04/04 v2.24 Module thepage for zref (HO)
 (/usr/local/texlive/2014/texmf-dist/tex/generic/oberdiek/atbegshi.sty
Package: atbegshi 2011/10/05 v1.16 At begin shipout hook (HO)
) (/usr/local/texlive/2014/texmf-dist/tex/latex/oberdiek/zref-abspage.sty
Package: zref-abspage 2012/04/04 v2.24 Module abspage for zref (HO)
\c@abspage=\count90
Package zref Info: New property: abspage on input line 62.
)
Package zref Info: New property list: thepage on input line 55.
Package zref Info: New property: pagevalue on input line 57.
) (/usr/local/texlive/2014/texmf-dist/tex/latex/oberdiek/atveryend.sty
Package: atveryend 2011/06/30 v1.8 Hooks at the very end of document (HO)
)
Package zref Info: New property: mag on input line 99.
Package zref Info: New property: paperwidth on input line 100.
Package zref Info: New property: paperheight on input line 101.
Package zref Info: New property: pdfpagewidth on input line 106.
Package zref Info: New property: pdfpageheight on input line 107.
Package zref Info: New property: pdfhorigin on input line 108.
Package zref Info: New property: pdfvorigin on input line 109.
Package zref Info: New property: hoffset on input line 110.
Package zref Info: New property: voffset on input line 111.
Package zref Info: New property: topmargin on input line 112.
Package zref Info: New property: oddsidemargin on input line 113.
Package zref Info: New property: evensidemargin on input line 114.
Package zref Info: New property: textwidth on input line 115.
Package zref Info: New property: textheight on input line 116.
Package zref Info: New property: headheight on input line 117.
Package zref Info: New property: headsep on input line 118.
Package zref Info: New property: footskip on input line 119.
Package zref Info: New property: marginparwidth on input line 120.
Package zref Info: New property: marginparsep on input line 121.
Package zref Info: New property: columnwidth on input line 122.
Package zref Info: New property: columnsep on input line 123.
Package zref Info: New property: outputboxwd on input line 130.
Package zref Info: New property: outputboxht on input line 131.
Package zref Info: New property: outputboxdp on input line 132.
))) (/usr/local/texlive/2014/texmf-dist/tex/latex/geometry/geometry.sty
Package: geometry 2010/09/12 v5.6 Page Geometry
 (/usr/local/texlive/2014/texmf-dist/tex/generic/oberdiek/ifvtex.sty
Package: ifvtex 2010/03/01 v1.5 Detect VTeX and its facilities (HO)
Package ifvtex Info: VTeX not detected.
)
\Gm@cnth=\count91
\Gm@cntv=\count92
\c@Gm@tempcnt=\count93
\Gm@bindingoffset=\dimen104
\Gm@wd@mp=\dimen105
\Gm@odd@mp=\dimen106
\Gm@even@mp=\dimen107
\Gm@layoutwidth=\dimen108
\Gm@layoutheight=\dimen109
\Gm@layouthoffset=\dimen110
\Gm@layoutvoffset=\dimen111
\Gm@dimlist=\toks19
) (/usr/local/texlive/2014/texmf-dist/tex/latex/graphics/graphicx.sty
Package: graphicx 2014/04/25 v1.0g Enhanced LaTeX Graphics (DPC,SPQR)
 (/usr/local/texlive/2014/texmf-dist/tex/latex/graphics/graphics.sty
Package: graphics 2009/02/05 v1.0o Standard LaTeX Graphics (DPC,SPQR)
 (/usr/local/texlive/2014/texmf-dist/tex/latex/graphics/trig.sty
Package: trig 1999/03/16 v1.09 sin cos tan (DPC)
) (/usr/local/texlive/2014/texmf-dist/tex/latex/latexconfig/graphics.cfg
File: graphics.cfg 2010/04/23 v1.9 graphics configuration of TeX Live
)
Package graphics Info: Driver file: pdftex.def on input line 91.

(/usr/local/texlive/2014/texmf-dist/tex/latex/pdftex-def/pdftex.def
File: pdftex.def 2011/05/27 v0.06d Graphics/color for pdfTeX
\Gread@gobject=\count94
))
\Gin@req@height=\dimen112
\Gin@req@width=\dimen113
) (/usr/local/texlive/2014/texmf-dist/tex/latex/graphics/color.sty
Package: color 2014/04/23 v1.1a Standard LaTeX Color (DPC)
 (/usr/local/texlive/2014/texmf-dist/tex/latex/latexconfig/color.cfg
File: color.cfg 2007/01/18 v1.5 color configuration of teTeX/TeXLive
)
Package color Info: Driver file: pdftex.def on input line 137.
) (/usr/local/texlive/2014/texmf-dist/tex/latex/amsmath/amsmath.sty
Package: amsmath 2013/01/14 v2.14 AMS math features
\@mathmargin=\skip43

For additional information on amsmath, use the `?' option.
(/usr/local/texlive/2014/texmf-dist/tex/latex/amsmath/amstext.sty
Package: amstext 2000/06/29 v2.01
 (/usr/local/texlive/2014/texmf-dist/tex/latex/amsmath/amsgen.sty
File: amsgen.sty 1999/11/30 v2.0
\@emptytoks=\toks20
\ex@=\dimen114
)) (/usr/local/texlive/2014/texmf-dist/tex/latex/amsmath/amsbsy.sty
Package: amsbsy 1999/11/29 v1.2d
\pmbraise@=\dimen115
) (/usr/local/texlive/2014/texmf-dist/tex/latex/amsmath/amsopn.sty
Package: amsopn 1999/12/14 v2.01 operator names
)
\inf@bad=\count95
LaTeX Info: Redefining \frac on input line 210.
\uproot@=\count96
\leftroot@=\count97
LaTeX Info: Redefining \overline on input line 306.
\classnum@=\count98
\DOTSCASE@=\count99
LaTeX Info: Redefining \ldots on input line 378.
LaTeX Info: Redefining \dots on input line 381.
LaTeX Info: Redefining \cdots on input line 466.
\Mathstrutbox@=\box27
\strutbox@=\box28
\big@size=\dimen116
LaTeX Font Info:    Redeclaring font encoding OML on input line 566.
LaTeX Font Info:    Redeclaring font encoding OMS on input line 567.
\macc@depth=\count100
\c@MaxMatrixCols=\count101
\dotsspace@=\muskip10
\c@parentequation=\count102
\dspbrk@lvl=\count103
\tag@help=\toks21
\row@=\count104
\column@=\count105
\maxfields@=\count106
\andhelp@=\toks22
\eqnshift@=\dimen117
\alignsep@=\dimen118
\tagshift@=\dimen119
\tagwidth@=\dimen120
\totwidth@=\dimen121
\lineht@=\dimen122
\@envbody=\toks23
\multlinegap=\skip44
\multlinetaggap=\skip45
\mathdisplay@stack=\toks24
LaTeX Info: Redefining \[ on input line 2665.
LaTeX Info: Redefining \] on input line 2666.
) (/usr/local/texlive/2014/texmf-dist/tex/latex/amsfonts/amsfonts.sty
Package: amsfonts 2013/01/14 v3.01 Basic AMSFonts support
\symAMSa=\mathgroup4
\symAMSb=\mathgroup5
LaTeX Font Info:    Overwriting math alphabet `\mathfrak' in version `bold'
(Font)                  U/euf/m/n --> U/euf/b/n on input line 106.
) (/usr/local/texlive/2014/texmf-dist/tex/latex/amsfonts/amssymb.sty
Package: amssymb 2013/01/14 v3.01 AMS font symbols
) (/usr/local/texlive/2014/texmf-dist/tex/latex/booktabs/booktabs.sty
Package: booktabs 2005/04/14 v1.61803 publication quality tables
\heavyrulewidth=\dimen123
\lightrulewidth=\dimen124
\cmidrulewidth=\dimen125
\belowrulesep=\dimen126
\belowbottomsep=\dimen127
\aboverulesep=\dimen128
\abovetopsep=\dimen129
\cmidrulesep=\dimen130
\cmidrulekern=\dimen131
\defaultaddspace=\dimen132
\@cmidla=\count107
\@cmidlb=\count108
\@aboverulesep=\dimen133
\@belowrulesep=\dimen134
\@thisruleclass=\count109
\@lastruleclass=\count110
\@thisrulewidth=\dimen135
) (/usr/local/texlive/2014/texmf-dist/tex/latex/tools/array.sty
Package: array 2008/09/09 v2.4c Tabular extension package (FMi)
\col@sep=\dimen136
\extrarowheight=\dimen137
\NC@list=\toks25
\extratabsurround=\skip46
\backup@length=\skip47
) (/usr/local/texlive/2014/texmf-dist/tex/latex/paralist/paralist.sty
Package: paralist 2013/06/09 v2.4 Extended list environments
\pltopsep=\skip48
\plpartopsep=\skip49
\plitemsep=\skip50
\plparsep=\skip51
\pl@lab=\toks26
) (/usr/local/texlive/2014/texmf-dist/tex/latex/tools/verbatim.sty
Package: verbatim 2003/08/22 v1.5q LaTeX2e package for verbatim enhancements
\every@verbatim=\toks27
\verbatim@line=\toks28
\verbatim@in@stream=\read1
) (/usr/local/texlive/2014/texmf-dist/tex/latex/subfig/subfig.sty
Package: subfig 2005/06/28 ver: 1.3 subfig package
 (/usr/local/texlive/2014/texmf-dist/tex/latex/caption/caption.sty
Package: caption 2013/05/02 v3.3-89 Customizing captions (AR)
 (/usr/local/texlive/2014/texmf-dist/tex/latex/caption/caption3.sty
Package: caption3 2013/05/02 v1.6-88 caption3 kernel (AR)
Package caption3 Info: TeX engine: e-TeX on input line 57.
\captionmargin=\dimen138
\captionmargin@=\dimen139
\captionwidth=\dimen140
\caption@tempdima=\dimen141
\caption@indent=\dimen142
\caption@parindent=\dimen143
\caption@hangindent=\dimen144
)
\c@ContinuedFloat=\count111
)
\c@KVtest=\count112
\sf@farskip=\skip52
\sf@captopadj=\dimen145
\sf@capskip=\skip53
\sf@nearskip=\skip54
\c@subfigure=\count113
\c@subfigure@save=\count114
\c@lofdepth=\count115
\c@subtable=\count116
\c@subtable@save=\count117
\c@lotdepth=\count118
\sf@top=\skip55
\sf@bottom=\skip56
) (/usr/local/texlive/2014/texmf-dist/tex/latex/fancyhdr/fancyhdr.sty
\fancy@headwidth=\skip57
\f@ncyO@elh=\skip58
\f@ncyO@erh=\skip59
\f@ncyO@olh=\skip60
\f@ncyO@orh=\skip61
\f@ncyO@elf=\skip62
\f@ncyO@erf=\skip63
\f@ncyO@olf=\skip64
\f@ncyO@orf=\skip65
) (/usr/local/texlive/2014/texmf-dist/tex/latex/sectsty/sectsty.sty
Package: sectsty 2002/02/25 v2.0.2 Commands to change all sectional heading styles
) (/usr/local/texlive/2014/texmf-dist/tex/latex/tocbibind/tocbibind.sty
Package: tocbibind 2010/10/13 v1.5k extra ToC listings
Package tocbibind Info: The document has section divisions on input line 50.


Package tocbibind Note: Using section or other style headings.

) (/usr/local/texlive/2014/texmf-dist/tex/latex/tocloft/tocloft.sty
Package: tocloft 2013/05/02 v2.3f parameterised ToC, etc., typesetting
Package tocloft Info: The document has section divisions on input line 44.
\cftparskip=\skip66
\cftbeforetoctitleskip=\skip67
\cftaftertoctitleskip=\skip68
\cftbeforepartskip=\skip69
\cftpartnumwidth=\skip70
\cftpartindent=\skip71
\cftbeforesecskip=\skip72
\cftsecindent=\skip73
\cftsecnumwidth=\skip74
\cftbeforesubsecskip=\skip75
\cftsubsecindent=\skip76
\cftsubsecnumwidth=\skip77
\cftbeforesubsubsecskip=\skip78
\cftsubsubsecindent=\skip79
\cftsubsubsecnumwidth=\skip80
\cftbeforeparaskip=\skip81
\cftparaindent=\skip82
\cftparanumwidth=\skip83
\cftbeforesubparaskip=\skip84
\cftsubparaindent=\skip85
\cftsubparanumwidth=\skip86
\cftbeforeloftitleskip=\skip87
\cftafterloftitleskip=\skip88
\cftbeforefigskip=\skip89
\cftfigindent=\skip90
\cftfignumwidth=\skip91
\cftbeforelottitleskip=\skip92
\cftafterlottitleskip=\skip93
\cftbeforetabskip=\skip94
\cfttabindent=\skip95
\cfttabnumwidth=\skip96
\cftbeforesubfigskip=\skip97
\cftsubfigindent=\skip98
\cftsubfignumwidth=\skip99
\cftbeforesubtabskip=\skip100
\cftsubtabindent=\skip101
\cftsubtabnumwidth=\skip102
) (/Users/anari/Dropbox-Berkeley/Dropbox/onlinehw/sets/4/.texpadtmp/set4.aux

LaTeX Warning: Label `begin_freeform' multiply defined.


LaTeX Warning: Label `hint' multiply defined.


LaTeX Warning: Label `solution' multiply defined.


LaTeX Warning: Label `end_freeform' multiply defined.


LaTeX Warning: Label `begin_freeform' multiply defined.


LaTeX Warning: Label `hint' multiply defined.


LaTeX Warning: Label `solution' multiply defined.


LaTeX Warning: Label `end_freeform' multiply defined.


LaTeX Warning: Label `begin_freeform' multiply defined.


LaTeX Warning: Label `ans_equals@1' multiply defined.


LaTeX Warning: Label `hint' multiply defined.


LaTeX Warning: Label `solution' multiply defined.


LaTeX Warning: Label `end_freeform' multiply defined.


LaTeX Warning: Label `begin_freeform' multiply defined.


LaTeX Warning: Label `hint' multiply defined.


LaTeX Warning: Label `solution' multiply defined.


LaTeX Warning: Label `end_freeform' multiply defined.


LaTeX Warning: Label `begin_freeform' multiply defined.


LaTeX Warning: Label `hint' multiply defined.


LaTeX Warning: Label `solution' multiply defined.


LaTeX Warning: Label `end_freeform' multiply defined.


LaTeX Warning: Label `begin_freeform' multiply defined.


LaTeX Warning: Label `hint' multiply defined.


LaTeX Warning: Label `solution' multiply defined.


LaTeX Warning: Label `end_freeform' multiply defined.


LaTeX Warning: Label `begin_freeform' multiply defined.


LaTeX Warning: Label `ans_equals@9' multiply defined.


LaTeX Warning: Label `hint' multiply defined.


LaTeX Warning: Label `solution' multiply defined.


LaTeX Warning: Label `end_freeform' multiply defined.


LaTeX Warning: Label `begin_freeform' multiply defined.


LaTeX Warning: Label `ans_equals@0' multiply defined.


LaTeX Warning: Label `solution' multiply defined.


LaTeX Warning: Label `end_freeform' multiply defined.


LaTeX Warning: Label `begin_freeform' multiply defined.


LaTeX Warning: Label `hint' multiply defined.


LaTeX Warning: Label `solution' multiply defined.


LaTeX Warning: Label `end_freeform' multiply defined.


LaTeX Warning: Label `begin_freeform' multiply defined.


LaTeX Warning: Label `ans_equals@4' multiply defined.


LaTeX Warning: Label `hint' multiply defined.


LaTeX Warning: Label `solution' multiply defined.


LaTeX Warning: Label `end_freeform' multiply defined.


LaTeX Warning: Label `begin_freeform' multiply defined.


LaTeX Warning: Label `hint' multiply defined.


LaTeX Warning: Label `solution' multiply defined.


LaTeX Warning: Label `end_freeform' multiply defined.


LaTeX Warning: Label `begin_freeform' multiply defined.


LaTeX Warning: Label `ans_equals@3' multiply defined.


LaTeX Warning: Label `hint' multiply defined.


LaTeX Warning: Label `solution' multiply defined.


LaTeX Warning: Label `end_freeform' multiply defined.


LaTeX Warning: Label `begin_freeform' multiply defined.


LaTeX Warning: Label `ans_equals@3' multiply defined.


LaTeX Warning: Label `hint' multiply defined.


LaTeX Warning: Label `solution' multiply defined.


LaTeX Warning: Label `end_freeform' multiply defined.


LaTeX Warning: Label `begin_freeform' multiply defined.


LaTeX Warning: Label `ans_equals@2' multiply defined.


LaTeX Warning: Label `hint' multiply defined.


LaTeX Warning: Label `solution' multiply defined.


LaTeX Warning: Label `end_freeform' multiply defined.


LaTeX Warning: Label `begin_freeform' multiply defined.


LaTeX Warning: Label `ans_equals@2' multiply defined.


LaTeX Warning: Label `hint' multiply defined.


LaTeX Warning: Label `solution' multiply defined.


LaTeX Warning: Label `end_freeform' multiply defined.


LaTeX Warning: Label `hint' multiply defined.


LaTeX Warning: Label `solution' multiply defined.


LaTeX Warning: Label `begin_choices' multiply defined.


LaTeX Warning: Label `true_choice' multiply defined.


LaTeX Warning: Label `false_choice' multiply defined.


LaTeX Warning: Label `hint' multiply defined.


LaTeX Warning: Label `solution' multiply defined.


LaTeX Warning: Label `end_choices' multiply defined.


LaTeX Warning: Label `begin_choices' multiply defined.


LaTeX Warning: Label `true_choice' multiply defined.


LaTeX Warning: Label `false_choice' multiply defined.


LaTeX Warning: Label `hint' multiply defined.


LaTeX Warning: Label `solution' multiply defined.


LaTeX Warning: Label `end_choices' multiply defined.


LaTeX Warning: Label `begin_choices' multiply defined.


LaTeX Warning: Label `false_choice' multiply defined.


LaTeX Warning: Label `true_choice' multiply defined.


LaTeX Warning: Label `hint' multiply defined.


LaTeX Warning: Label `solution' multiply defined.


LaTeX Warning: Label `end_choices' multiply defined.


LaTeX Warning: Label `begin_choices' multiply defined.


LaTeX Warning: Label `true_choice' multiply defined.


LaTeX Warning: Label `false_choice' multiply defined.


LaTeX Warning: Label `hint' multiply defined.


LaTeX Warning: Label `solution' multiply defined.


LaTeX Warning: Label `end_choices' multiply defined.


LaTeX Warning: Label `begin_choices' multiply defined.


LaTeX Warning: Label `false_choice' multiply defined.


LaTeX Warning: Label `true_choice' multiply defined.


LaTeX Warning: Label `hint' multiply defined.


LaTeX Warning: Label `solution' multiply defined.


LaTeX Warning: Label `end_choices' multiply defined.


LaTeX Warning: Label `begin_choices' multiply defined.


LaTeX Warning: Label `true_choice' multiply defined.


LaTeX Warning: Label `false_choice' multiply defined.


LaTeX Warning: Label `solution' multiply defined.


LaTeX Warning: Label `end_choices' multiply defined.


LaTeX Warning: Label `begin_choices' multiply defined.


LaTeX Warning: Label `true_choice' multiply defined.


LaTeX Warning: Label `false_choice' multiply defined.


LaTeX Warning: Label `solution' multiply defined.


LaTeX Warning: Label `end_choices' multiply defined.


LaTeX Warning: Label `begin_choices' multiply defined.


LaTeX Warning: Label `true_choice' multiply defined.


LaTeX Warning: Label `false_choice' multiply defined.


LaTeX Warning: Label `solution' multiply defined.


LaTeX Warning: Label `end_choices' multiply defined.


LaTeX Warning: Label `begin_freeform' multiply defined.


LaTeX Warning: Label `ans_equals@2' multiply defined.


LaTeX Warning: Label `hint' multiply defined.


LaTeX Warning: Label `solution' multiply defined.


LaTeX Warning: Label `end_freeform' multiply defined.


LaTeX Warning: Label `begin_choices' multiply defined.


LaTeX Warning: Label `false_choice' multiply defined.


LaTeX Warning: Label `true_choice' multiply defined.


LaTeX Warning: Label `solution' multiply defined.


LaTeX Warning: Label `end_choices' multiply defined.


LaTeX Warning: Label `begin_freeform' multiply defined.


LaTeX Warning: Label `ans_equals@2' multiply defined.


LaTeX Warning: Label `hint' multiply defined.


LaTeX Warning: Label `solution' multiply defined.


LaTeX Warning: Label `end_freeform' multiply defined.


LaTeX Warning: Label `begin_choices' multiply defined.


LaTeX Warning: Label `true_choice' multiply defined.


LaTeX Warning: Label `false_choice' multiply defined.


LaTeX Warning: Label `solution' multiply defined.


LaTeX Warning: Label `end_choices' multiply defined.


LaTeX Warning: Label `begin_freeform' multiply defined.


LaTeX Warning: Label `ans_equals@3' multiply defined.


LaTeX Warning: Label `hint' multiply defined.


LaTeX Warning: Label `solution' multiply defined.


LaTeX Warning: Label `end_freeform' multiply defined.


LaTeX Warning: Label `begin_choices' multiply defined.


LaTeX Warning: Label `true_choice' multiply defined.


LaTeX Warning: Label `false_choice' multiply defined.


LaTeX Warning: Label `solution' multiply defined.


LaTeX Warning: Label `end_choices' multiply defined.


LaTeX Warning: Label `begin_freeform' multiply defined.


LaTeX Warning: Label `ans_equals@3' multiply defined.


LaTeX Warning: Label `hint' multiply defined.


LaTeX Warning: Label `solution' multiply defined.


LaTeX Warning: Label `end_freeform' multiply defined.


LaTeX Warning: Label `begin_choices' multiply defined.


LaTeX Warning: Label `false_choice' multiply defined.


LaTeX Warning: Label `true_choice' multiply defined.


LaTeX Warning: Label `solution' multiply defined.


LaTeX Warning: Label `end_choices' multiply defined.


LaTeX Warning: Label `begin_freeform' multiply defined.


LaTeX Warning: Label `ans_equals@4' multiply defined.


LaTeX Warning: Label `hint' multiply defined.


LaTeX Warning: Label `solution' multiply defined.


LaTeX Warning: Label `end_freeform' multiply defined.


LaTeX Warning: Label `begin_freeform' multiply defined.


LaTeX Warning: Label `ans_equals@2' multiply defined.


LaTeX Warning: Label `solution' multiply defined.


LaTeX Warning: Label `hint' multiply defined.


LaTeX Warning: Label `end_freeform' multiply defined.


LaTeX Warning: Label `begin_freeform' multiply defined.


LaTeX Warning: Label `hint' multiply defined.


LaTeX Warning: Label `solution' multiply defined.


LaTeX Warning: Label `end_freeform' multiply defined.


LaTeX Warning: Label `begin_freeform' multiply defined.


LaTeX Warning: Label `hint' multiply defined.


LaTeX Warning: Label `solution' multiply defined.


LaTeX Warning: Label `end_freeform' multiply defined.


LaTeX Warning: Label `begin_freeform' multiply defined.


LaTeX Warning: Label `ans_equals@6' multiply defined.


LaTeX Warning: Label `hint' multiply defined.


LaTeX Warning: Label `solution' multiply defined.


LaTeX Warning: Label `end_freeform' multiply defined.


LaTeX Warning: Label `begin_freeform' multiply defined.


LaTeX Warning: Label `ans_equals@1' multiply defined.


LaTeX Warning: Label `hint' multiply defined.


LaTeX Warning: Label `solution' multiply defined.


LaTeX Warning: Label `end_freeform' multiply defined.


LaTeX Warning: Label `begin_freeform' multiply defined.


LaTeX Warning: Label `ans_equals@2' multiply defined.


LaTeX Warning: Label `hint' multiply defined.


LaTeX Warning: Label `solution' multiply defined.


LaTeX Warning: Label `end_freeform' multiply defined.


LaTeX Warning: Label `begin_freeform' multiply defined.


LaTeX Warning: Label `ans_equals@6' multiply defined.


LaTeX Warning: Label `hint' multiply defined.


LaTeX Warning: Label `solution' multiply defined.


LaTeX Warning: Label `end_freeform' multiply defined.


LaTeX Warning: Label `begin_freeform' multiply defined.


LaTeX Warning: Label `ans_equals@2' multiply defined.


LaTeX Warning: Label `hint' multiply defined.


LaTeX Warning: Label `solution' multiply defined.


LaTeX Warning: Label `end_freeform' multiply defined.


LaTeX Warning: Label `begin_freeform' multiply defined.


LaTeX Warning: Label `ans_equals@3' multiply defined.


LaTeX Warning: Label `hint' multiply defined.


LaTeX Warning: Label `solution' multiply defined.


LaTeX Warning: Label `end_freeform' multiply defined.


LaTeX Warning: Label `begin_freeform' multiply defined.


LaTeX Warning: Label `ans_equals@0' multiply defined.


LaTeX Warning: Label `hint' multiply defined.


LaTeX Warning: Label `solution' multiply defined.


LaTeX Warning: Label `end_freeform' multiply defined.


LaTeX Warning: Label `begin_freeform' multiply defined.


LaTeX Warning: Label `ans_equals@2' multiply defined.


LaTeX Warning: Label `hint' multiply defined.


LaTeX Warning: Label `solution' multiply defined.


LaTeX Warning: Label `end_freeform' multiply defined.


LaTeX Warning: Label `begin_freeform' multiply defined.


LaTeX Warning: Label `ans_equals@3' multiply defined.


LaTeX Warning: Label `hint' multiply defined.


LaTeX Warning: Label `solution' multiply defined.


LaTeX Warning: Label `end_freeform' multiply defined.


LaTeX Warning: Label `begin_freeform' multiply defined.


LaTeX Warning: Label `hint' multiply defined.


LaTeX Warning: Label `solution' multiply defined.


LaTeX Warning: Label `end_freeform' multiply defined.


LaTeX Warning: Label `begin_freeform' multiply defined.


LaTeX Warning: Label `ans_equals@3' multiply defined.


LaTeX Warning: Label `solution' multiply defined.


LaTeX Warning: Label `hint' multiply defined.


LaTeX Warning: Label `end_freeform' multiply defined.


LaTeX Warning: Label `begin_freeform' multiply defined.


LaTeX Warning: Label `ans_equals@-1' multiply defined.


LaTeX Warning: Label `hint' multiply defined.


LaTeX Warning: Label `solution' multiply defined.


LaTeX Warning: Label `end_freeform' multiply defined.


LaTeX Warning: Label `begin_freeform' multiply defined.


LaTeX Warning: Label `ans_equals@1' multiply defined.


LaTeX Warning: Label `hint' multiply defined.


LaTeX Warning: Label `solution' multiply defined.


LaTeX Warning: Label `end_freeform' multiply defined.


LaTeX Warning: Label `begin_freeform' multiply defined.


LaTeX Warning: Label `ans_equals@8' multiply defined.


LaTeX Warning: Label `hint' multiply defined.


LaTeX Warning: Label `solution' multiply defined.


LaTeX Warning: Label `end_freeform' multiply defined.


LaTeX Warning: Label `begin_freeform' multiply defined.


LaTeX Warning: Label `hint' multiply defined.


LaTeX Warning: Label `solution' multiply defined.


LaTeX Warning: Label `end_freeform' multiply defined.


LaTeX Warning: Label `begin_freeform' multiply defined.


LaTeX Warning: Label `ans_equals@8' multiply defined.


LaTeX Warning: Label `hint' multiply defined.


LaTeX Warning: Label `solution' multiply defined.


LaTeX Warning: Label `end_freeform' multiply defined.


LaTeX Warning: Label `begin_freeform' multiply defined.


LaTeX Warning: Label `ans_equals@1' multiply defined.


LaTeX Warning: Label `solution' multiply defined.


LaTeX Warning: Label `hint' multiply defined.


LaTeX Warning: Label `end_freeform' multiply defined.


LaTeX Warning: Label `begin_freeform' multiply defined.


LaTeX Warning: Label `hint' multiply defined.


LaTeX Warning: Label `solution' multiply defined.


LaTeX Warning: Label `end_freeform' multiply defined.


LaTeX Warning: Label `begin_freeform' multiply defined.


LaTeX Warning: Label `ans_equals@8' multiply defined.


LaTeX Warning: Label `hint' multiply defined.


LaTeX Warning: Label `solution' multiply defined.


LaTeX Warning: Label `end_freeform' multiply defined.


LaTeX Warning: Label `begin_freeform' multiply defined.


LaTeX Warning: Label `ans_equals@5' multiply defined.


LaTeX Warning: Label `hint' multiply defined.


LaTeX Warning: Label `solution' multiply defined.


LaTeX Warning: Label `end_freeform' multiply defined.


LaTeX Warning: Label `begin_freeform' multiply defined.


LaTeX Warning: Label `ans_equals@1' multiply defined.


LaTeX Warning: Label `hint' multiply defined.


LaTeX Warning: Label `solution' multiply defined.


LaTeX Warning: Label `end_freeform' multiply defined.


LaTeX Warning: Label `begin_freeform' multiply defined.


LaTeX Warning: Label `ans_equals@3' multiply defined.


LaTeX Warning: Label `hint' multiply defined.


LaTeX Warning: Label `solution' multiply defined.


LaTeX Warning: Label `end_freeform' multiply defined.


LaTeX Warning: Label `begin_freeform' multiply defined.


LaTeX Warning: Label `ans_equals@5' multiply defined.


LaTeX Warning: Label `hint' multiply defined.


LaTeX Warning: Label `solution' multiply defined.


LaTeX Warning: Label `end_freeform' multiply defined.


LaTeX Warning: Label `begin_freeform' multiply defined.


LaTeX Warning: Label `ans_equals@3' multiply defined.


LaTeX Warning: Label `hint' multiply defined.


LaTeX Warning: Label `solution' multiply defined.


LaTeX Warning: Label `end_freeform' multiply defined.


LaTeX Warning: Label `begin_freeform' multiply defined.


LaTeX Warning: Label `ans_equals@1' multiply defined.


LaTeX Warning: Label `hint' multiply defined.


LaTeX Warning: Label `solution' multiply defined.


LaTeX Warning: Label `end_freeform' multiply defined.


LaTeX Warning: Label `begin_freeform' multiply defined.


LaTeX Warning: Label `ans_equals@2' multiply defined.


LaTeX Warning: Label `hint' multiply defined.


LaTeX Warning: Label `solution' multiply defined.


LaTeX Warning: Label `end_freeform' multiply defined.


LaTeX Warning: Label `begin_freeform' multiply defined.


LaTeX Warning: Label `ans_equals@3' multiply defined.


LaTeX Warning: Label `hint' multiply defined.


LaTeX Warning: Label `solution' multiply defined.


LaTeX Warning: Label `end_freeform' multiply defined.


LaTeX Warning: Label `begin_freeform' multiply defined.


LaTeX Warning: Label `ans_equals@2' multiply defined.


LaTeX Warning: Label `hint' multiply defined.


LaTeX Warning: Label `solution' multiply defined.


LaTeX Warning: Label `end_freeform' multiply defined.


LaTeX Warning: Label `begin_freeform' multiply defined.


LaTeX Warning: Label `ans_equals@1' multiply defined.


LaTeX Warning: Label `hint' multiply defined.


LaTeX Warning: Label `solution' multiply defined.


LaTeX Warning: Label `end_freeform' multiply defined.


LaTeX Warning: Label `begin_freeform' multiply defined.


LaTeX Warning: Label `ans_equals@1' multiply defined.


LaTeX Warning: Label `hint' multiply defined.


LaTeX Warning: Label `solution' multiply defined.


LaTeX Warning: Label `end_freeform' multiply defined.


LaTeX Warning: Label `begin_freeform' multiply defined.


LaTeX Warning: Label `ans_equals@2' multiply defined.


LaTeX Warning: Label `hint' multiply defined.


LaTeX Warning: Label `solution' multiply defined.


LaTeX Warning: Label `end_freeform' multiply defined.


LaTeX Warning: Label `begin_freeform' multiply defined.


LaTeX Warning: Label `ans_equals@1' multiply defined.


LaTeX Warning: Label `hint' multiply defined.


LaTeX Warning: Label `solution' multiply defined.


LaTeX Warning: Label `end_freeform' multiply defined.


LaTeX Warning: Label `begin_freeform' multiply defined.


LaTeX Warning: Label `ans_equals@2' multiply defined.


LaTeX Warning: Label `hint' multiply defined.


LaTeX Warning: Label `solution' multiply defined.


LaTeX Warning: Label `end_freeform' multiply defined.


LaTeX Warning: Label `begin_freeform' multiply defined.


LaTeX Warning: Label `ans_equals@0' multiply defined.


LaTeX Warning: Label `hint' multiply defined.


LaTeX Warning: Label `solution' multiply defined.


LaTeX Warning: Label `end_freeform' multiply defined.


LaTeX Warning: Label `begin_freeform' multiply defined.


LaTeX Warning: Label `ans_equals@1' multiply defined.


LaTeX Warning: Label `hint' multiply defined.


LaTeX Warning: Label `solution' multiply defined.


LaTeX Warning: Label `end_freeform' multiply defined.


LaTeX Warning: Label `begin_freeform' multiply defined.


LaTeX Warning: Label `ans_equals@2' multiply defined.


LaTeX Warning: Label `hint' multiply defined.


LaTeX Warning: Label `solution' multiply defined.


LaTeX Warning: Label `end_freeform' multiply defined.


LaTeX Warning: Label `begin_freeform' multiply defined.


LaTeX Warning: Label `ans_equals@-1' multiply defined.


LaTeX Warning: Label `hint' multiply defined.


LaTeX Warning: Label `solution' multiply defined.


LaTeX Warning: Label `end_freeform' multiply defined.


LaTeX Warning: Label `begin_freeform' multiply defined.


LaTeX Warning: Label `hint' multiply defined.


LaTeX Warning: Label `solution' multiply defined.


LaTeX Warning: Label `end_freeform' multiply defined.


LaTeX Warning: Label `begin_freeform' multiply defined.


LaTeX Warning: Label `ans_equals@2' multiply defined.


LaTeX Warning: Label `hint' multiply defined.


LaTeX Warning: Label `solution' multiply defined.


LaTeX Warning: Label `end_freeform' multiply defined.


LaTeX Warning: Label `begin_freeform' multiply defined.


LaTeX Warning: Label `ans_equals@5' multiply defined.


LaTeX Warning: Label `hint' multiply defined.


LaTeX Warning: Label `solution' multiply defined.


LaTeX Warning: Label `end_freeform' multiply defined.


LaTeX Warning: Label `begin_freeform' multiply defined.


LaTeX Warning: Label `ans_equals@-3' multiply defined.


LaTeX Warning: Label `hint' multiply defined.


LaTeX Warning: Label `solution' multiply defined.


LaTeX Warning: Label `end_freeform' multiply defined.


LaTeX Warning: Label `begin_freeform' multiply defined.


LaTeX Warning: Label `hint' multiply defined.


LaTeX Warning: Label `solution' multiply defined.


LaTeX Warning: Label `end_freeform' multiply defined.


LaTeX Warning: Label `begin_freeform' multiply defined.


LaTeX Warning: Label `ans_equals@5' multiply defined.


LaTeX Warning: Label `hint' multiply defined.


LaTeX Warning: Label `solution' multiply defined.


LaTeX Warning: Label `end_freeform' multiply defined.


LaTeX Warning: Label `begin_freeform' multiply defined.


LaTeX Warning: Label `ans_equals@-8' multiply defined.


LaTeX Warning: Label `hint' multiply defined.


LaTeX Warning: Label `solution' multiply defined.


LaTeX Warning: Label `end_freeform' multiply defined.


LaTeX Warning: Label `begin_freeform' multiply defined.


LaTeX Warning: Label `ans_equals@5' multiply defined.


LaTeX Warning: Label `hint' multiply defined.


LaTeX Warning: Label `solution' multiply defined.


LaTeX Warning: Label `end_freeform' multiply defined.

)
\openout1 = `set4.aux'.

LaTeX Font Info:    Checking defaults for OML/cmm/m/it on input line 82.
LaTeX Font Info:    ... okay on input line 82.
LaTeX Font Info:    Checking defaults for T1/cmr/m/n on input line 82.
LaTeX Font Info:    ... okay on input line 82.
LaTeX Font Info:    Checking defaults for OT1/cmr/m/n on input line 82.
LaTeX Font Info:    ... okay on input line 82.
LaTeX Font Info:    Checking defaults for OMS/cmsy/m/n on input line 82.
LaTeX Font Info:    ... okay on input line 82.
LaTeX Font Info:    Checking defaults for OMX/cmex/m/n on input line 82.
LaTeX Font Info:    ... okay on input line 82.
LaTeX Font Info:    Checking defaults for U/cmr/m/n on input line 82.
LaTeX Font Info:    ... okay on input line 82.

Preview: Fontsize 10.95pt
Preview: PDFoutput 1
\AtBeginShipoutBox=\box29
*geometry* driver: auto-detecting
*geometry* detected driver: pdftex
*geometry* verbose mode - [ preamble ] result:
* driver: pdftex
* paper: a4paper
* layout: <same size as paper>
* layoutoffset:(h,v)=(0.0pt,0.0pt)
* modes: 
* h-part:(L,W,R)=(89.62709pt, 418.25368pt, 89.6271pt)
* v-part:(T,H,B)=(101.40665pt, 591.5302pt, 152.11pt)
* \paperwidth=597.50787pt
* \paperheight=845.04684pt
* \textwidth=418.25368pt
* \textheight=591.5302pt
* \oddsidemargin=17.3571pt
* \evensidemargin=17.3571pt
* \topmargin=-7.86334pt
* \headheight=12.0pt
* \headsep=25.0pt
* \topskip=11.0pt
* \footskip=30.0pt
* \marginparwidth=59.0pt
* \marginparsep=10.0pt
* \columnsep=10.0pt
* \skip\footins=10.0pt plus 4.0pt minus 2.0pt
* \hoffset=0.0pt
* \voffset=0.0pt
* \mag=1000
* \@twocolumnfalse
* \@twosidefalse
* \@mparswitchfalse
* \@reversemarginfalse
* (1in=72.27pt=25.4mm, 1cm=28.453pt)

(/usr/local/texlive/2014/texmf-dist/tex/context/base/supp-pdf.mkii
[Loading MPS to PDF converter (version 2006.09.02).]
\scratchcounter=\count119
\scratchdimen=\dimen146
\scratchbox=\box30
\nofMPsegments=\count120
\nofMParguments=\count121
\everyMPshowfont=\toks29
\MPscratchCnt=\count122
\MPscratchDim=\dimen147
\MPnumerator=\count123
\makeMPintoPDFobject=\count124
\everyMPtoPDFconversion=\toks30
) (/usr/local/texlive/2014/texmf-dist/tex/latex/oberdiek/epstopdf-base.sty
Package: epstopdf-base 2010/02/09 v2.5 Base part for package epstopdf
 (/usr/local/texlive/2014/texmf-dist/tex/latex/oberdiek/grfext.sty
Package: grfext 2010/08/19 v1.1 Manage graphics extensions (HO)
) (/usr/local/texlive/2014/texmf-dist/tex/latex/oberdiek/kvoptions.sty
Package: kvoptions 2011/06/30 v3.11 Key value format for package options (HO)
)
Package grfext Info: Graphics extension search list:
(grfext)             [.png,.pdf,.jpg,.mps,.jpeg,.jbig2,.jb2,.PNG,.PDF,.JPG,.JPEG,.JBIG2,.JB2,.eps]
(grfext)             \AppendGraphicsExtensions on input line 452.
 (/usr/local/texlive/2014/texmf-dist/tex/latex/latexconfig/epstopdf-sys.cfg
File: epstopdf-sys.cfg 2010/07/13 v1.3 Configuration of (r)epstopdf for TeX Live
))
Package caption Info: Begin \AtBeginDocument code.
Package caption Info: subfig package v1.3 is loaded.
Package caption Info: End \AtBeginDocument code.
LaTeX Font Info:    Try loading font information for U+msa on input line 86.
 (/usr/local/texlive/2014/texmf-dist/tex/latex/amsfonts/umsa.fd
File: umsa.fd 2013/01/14 v3.01 AMS symbols A
)
LaTeX Font Info:    Try loading font information for U+msb on input line 86.
 (/usr/local/texlive/2014/texmf-dist/tex/latex/amsfonts/umsb.fd
File: umsb.fd 2013/01/14 v3.01 AMS symbols B
)
LaTeX Font Info:    Try loading font information for OMS+cmr on input line 204.
 (/usr/local/texlive/2014/texmf-dist/tex/latex/base/omscmr.fd
File: omscmr.fd 1999/05/25 v2.5h Standard LaTeX font definitions
)
LaTeX Font Info:    Font shape `OMS/cmr/m/n' in size <10.95> not available
(Font)              Font shape `OMS/cmsy/m/n' tried instead on input line 204.

Underfull \hbox (badness 10000) in paragraph at lines 372--374

 []


Underfull \hbox (badness 10000) in paragraph at lines 461--462

 []

Preview: Tightpage 0 0 0 0
[1{/usr/local/texlive/2014/texmf-var/fonts/map/pdftex/updmap/pdftex.map}]
Package atveryend Info: Empty hook `BeforeClearDocument' on input line 733.
Package atveryend Info: Executing hook `AfterLastShipout' on input line 733.
 (/Users/anari/Dropbox-Berkeley/Dropbox/onlinehw/sets/4/.texpadtmp/set4.aux)
Package atveryend Info: Empty hook `AtVeryEndDocument' on input line 733.
Package atveryend Info: Empty hook `AtEndAfterFileList' on input line 733.


LaTeX Warning: There were multiply-defined labels.

 ) 
Here is how much of TeX's memory you used:
 6209 strings out of 493117
 93562 string characters out of 6135433
 249567 words of memory out of 5000000
 9528 multiletter control sequences out of 15000+600000
 8942 words of font info for 34 fonts, out of 8000000 for 9000
 1141 hyphenation exceptions out of 8191
 61i,9n,96p,435b,340s stack positions out of 5000i,500n,10000p,200000b,80000s
</usr/local/texlive/2014/texmf-dist/fonts/type1/public/amsfonts/cm/cmbx10.pfb></usr/local/texlive/2014/texmf-dist/fonts/type1/public/amsfonts/cm/cmmi10.pfb></usr/local/texlive/2014/texmf-dist/fonts/type1/public/amsfonts/cm/cmmi8.pfb></usr/local/texlive/2014/texmf-dist/fonts/type1/public/amsfonts/cm/cmr10.pfb></usr/local/texlive/2014/texmf-dist/fonts/type1/public/amsfonts/cm/cmr8.pfb></usr/local/texlive/2014/texmf-dist/fonts/type1/public/amsfonts/cm/cmsy10.pfb></usr/local/texlive/2014/texmf-dist/fonts/type1/public/amsfonts/cm/cmsy8.pfb></usr/local/texlive/2014/texmf-dist/fonts/type1/public/amsfonts/cm/cmti10.pfb></usr/local/texlive/2014/texmf-dist/fonts/type1/public/amsfonts/symbols/msbm10.pfb>
Output written on /Users/anari/Dropbox-Berkeley/Dropbox/onlinehw/sets/4/.texpadtmp/set4.pdf (1 page, 102390 bytes).
PDF statistics:
 44 PDF objects out of 1000 (max. 8388607)
 31 compressed objects within 1 object stream
 0 named destinations out of 1000 (max. 500000)
 1 words of extra memory for PDF output out of 10000 (max. 10000000)

